# JRE version: OpenJDK Runtime Environment Microsoft-10800203 (21.0.6+7) (build 21.0.6+7-LTS)
# Java VM: OpenJDK 64-Bit Server VM Microsoft-10800203 (21.0.6+7-LTS, mixed mode, sharing, tiered, compressed oops, compressed class ptrs, g1 gc, windows-amd64)
GC Precious Log:
 CardTable entry size: 512
 Card Set container configuration: InlinePtr #cards 4 size 8 Array Of Cards #cards 16 size 48 Howl #buckets 8 coarsen threshold 3686 Howl Bitmap #cards 512 size 80 coarsen threshold 460 Card regions per heap region 1 cards per card region 4096
 CPUs: 16 total, 16 available
 Memory: 10085M
 Large Page Support: Disabled
 NUMA Support: Disabled
 Compressed Oops: Enabled (Zero based)
 Heap Region Size: 2M
 Heap Min Capacity: 8M
 Heap Initial Capacity: 158M
 Heap Max Capacity: 2522M
 Pre-touch: Disabled
 Parallel Workers: 13
 Concurrent Workers: 3
 Concurrent Refinement Workers: 13
 Periodic GC: Disabled
Heap:
 garbage-first heap   total 59392K, used 44672K [0x0000000762600000, 0x0000000800000000)
  region size 2048K, 9 young (18432K), 1 survivors (2048K)
 Metaspace       used 65532K, committed 66240K, reserved 1114112K
  class space    used 8583K, committed 8960K, reserved 1048576K
GC Heap History (20 events):
Event: 8.526 GC heap before
{Heap before GC invocations=12 (full 0):
 garbage-first heap   total 49152K, used 36074K [0x0000000762600000, 0x0000000800000000)
  region size 2048K, 9 young (18432K), 2 survivors (4096K)
 Metaspace       used 39027K, committed 39616K, reserved 1114112K
  class space    used 4960K, committed 5248K, reserved 1048576K
}
Event: 8.529 GC heap after
{Heap after GC invocations=13 (full 0):
 garbage-first heap   total 49152K, used 24674K [0x0000000762600000, 0x0000000800000000)
  region size 2048K, 2 young (4096K), 2 survivors (4096K)
 Metaspace       used 39027K, committed 39616K, reserved 1114112K
  class space    used 4960K, committed 5248K, reserved 1048576K
}
Event: 8.975 GC heap before
{Heap before GC invocations=13 (full 0):
 garbage-first heap   total 49152K, used 36962K [0x0000000762600000, 0x0000000800000000)
  region size 2048K, 8 young (16384K), 2 survivors (4096K)
 Metaspace       used 41699K, committed 42304K, reserved 1114112K
  class space    used 5404K, committed 5696K, reserved 1048576K
}
Event: 8.980 GC heap after
{Heap after GC invocations=14 (full 0):
 garbage-first heap   total 49152K, used 24747K [0x0000000762600000, 0x0000000800000000)
  region size 2048K, 1 young (2048K), 1 survivors (2048K)
 Metaspace       used 41699K, committed 42304K, reserved 1114112K
  class space    used 5404K, committed 5696K, reserved 1048576K
}
Event: 10.627 GC heap before
{Heap before GC invocations=14 (full 0):
 garbage-first heap   total 49152K, used 41131K [0x0000000762600000, 0x0000000800000000)
  region size 2048K, 9 young (18432K), 1 survivors (2048K)
 Metaspace       used 47550K, committed 48192K, reserved 1114112K
  class space    used 6085K, committed 6400K, reserved 1048576K
}
Event: 10.631 GC heap after
{Heap after GC invocations=15 (full 0):
 garbage-first heap   total 59392K, used 26063K [0x0000000762600000, 0x0000000800000000)
  region size 2048K, 2 young (4096K), 2 survivors (4096K)
 Metaspace       used 47550K, committed 48192K, reserved 1114112K
  class space    used 6085K, committed 6400K, reserved 1048576K
}
Event: 12.868 GC heap before
{Heap before GC invocations=16 (full 0):
 garbage-first heap   total 59392K, used 46543K [0x0000000762600000, 0x0000000800000000)
  region size 2048K, 13 young (26624K), 2 survivors (4096K)
 Metaspace       used 52247K, committed 52928K, reserved 1114112K
  class space    used 6675K, committed 6976K, reserved 1048576K
}
Event: 12.872 GC heap after
{Heap after GC invocations=17 (full 0):
 garbage-first heap   total 59392K, used 27306K [0x0000000762600000, 0x0000000800000000)
  region size 2048K, 2 young (4096K), 2 survivors (4096K)
 Metaspace       used 52247K, committed 52928K, reserved 1114112K
  class space    used 6675K, committed 6976K, reserved 1048576K
}
Event: 13.696 GC heap before
{Heap before GC invocations=17 (full 0):
 garbage-first heap   total 59392K, used 49834K [0x0000000762600000, 0x0000000800000000)
  region size 2048K, 13 young (26624K), 2 survivors (4096K)
 Metaspace       used 59041K, committed 59712K, reserved 1114112K
  class space    used 7705K, committed 8000K, reserved 1048576K
}
Event: 13.703 GC heap after
{Heap after GC invocations=18 (full 0):
 garbage-first heap   total 59392K, used 27719K [0x0000000762600000, 0x0000000800000000)
  region size 2048K, 2 young (4096K), 2 survivors (4096K)
 Metaspace       used 59041K, committed 59712K, reserved 1114112K
  class space    used 7705K, committed 8000K, reserved 1048576K
}
Event: 14.110 GC heap before
{Heap before GC invocations=18 (full 0):
 garbage-first heap   total 59392K, used 46151K [0x0000000762600000, 0x0000000800000000)
  region size 2048K, 12 young (24576K), 2 survivors (4096K)
 Metaspace       used 62181K, committed 62784K, reserved 1114112K
  class space    used 8174K, committed 8448K, reserved 1048576K
}
Event: 14.116 GC heap after
{Heap after GC invocations=19 (full 0):
 garbage-first heap   total 59392K, used 28314K [0x0000000762600000, 0x0000000800000000)
  region size 2048K, 1 young (2048K), 1 survivors (2048K)
 Metaspace       used 62181K, committed 62784K, reserved 1114112K
  class space    used 8174K, committed 8448K, reserved 1048576K
}
Event: 16.778 GC heap before
{Heap before GC invocations=19 (full 0):
 garbage-first heap   total 59392K, used 50842K [0x0000000762600000, 0x0000000800000000)
  region size 2048K, 12 young (24576K), 1 survivors (2048K)
 Metaspace       used 65280K, committed 66048K, reserved 1114112K
  class space    used 8580K, committed 8960K, reserved 1048576K
}
Event: 16.783 GC heap after
{Heap after GC invocations=20 (full 0):
 garbage-first heap   total 59392K, used 30360K [0x0000000762600000, 0x0000000800000000)
  region size 2048K, 2 young (4096K), 2 survivors (4096K)
 Metaspace       used 65280K, committed 66048K, reserved 1114112K
  class space    used 8580K, committed 8960K, reserved 1048576K
}
Event: 20.982 GC heap before
{Heap before GC invocations=21 (full 0):
 garbage-first heap   total 59392K, used 48792K [0x0000000762600000, 0x0000000800000000)
  region size 2048K, 11 young (22528K), 2 survivors (4096K)
 Metaspace       used 65388K, committed 66112K, reserved 1114112K
  class space    used 8582K, committed 8960K, reserved 1048576K
}
Event: 20.987 GC heap after
{Heap after GC invocations=22 (full 0):
 garbage-first heap   total 59392K, used 30286K [0x0000000762600000, 0x0000000800000000)
  region size 2048K, 1 young (2048K), 1 survivors (2048K)
 Metaspace       used 65388K, committed 66112K, reserved 1114112K
  class space    used 8582K, committed 8960K, reserved 1048576K
}
Event: 26.001 GC heap before
{Heap before GC invocations=22 (full 0):
 garbage-first heap   total 59392K, used 50766K [0x0000000762600000, 0x0000000800000000)
  region size 2048K, 11 young (22528K), 1 survivors (2048K)
 Metaspace       used 65411K, committed 66176K, reserved 1114112K
  class space    used 8582K, committed 8960K, reserved 1048576K
}
Event: 26.006 GC heap after
{Heap after GC invocations=23 (full 0):
 garbage-first heap   total 59392K, used 30032K [0x0000000762600000, 0x0000000800000000)
  region size 2048K, 1 young (2048K), 1 survivors (2048K)
 Metaspace       used 65411K, committed 66176K, reserved 1114112K
  class space    used 8582K, committed 8960K, reserved 1048576K
}
Event: 32.105 GC heap before
{Heap before GC invocations=23 (full 0):
 garbage-first heap   total 59392K, used 50512K [0x0000000762600000, 0x0000000800000000)
  region size 2048K, 11 young (22528K), 1 survivors (2048K)
 Metaspace       used 65437K, committed 66176K, reserved 1114112K
  class space    used 8582K, committed 8960K, reserved 1048576K
}
Event: 32.107 GC heap after
{Heap after GC invocations=24 (full 0):
 garbage-first heap   total 59392K, used 30336K [0x0000000762600000, 0x0000000800000000)
  region size 2048K, 1 young (2048K), 1 survivors (2048K)
 Metaspace       used 65437K, committed 66176K, reserved 1114112K
  class space    used 8582K, committed 8960K, reserved 1048576K
}

